<?xml version="1.0" encoding="UTF-8"?>
<!-- Generated by org.testng.reporters.JUnitReportReporter -->
<testsuite hostname="DESKTOP-03NACK4" failures="0" tests="2" name="Demo.Restassuredpractise" time="2.402" errors="0" timestamp="2025-08-09T13:07:36 IST" skipped="1">
  <testcase classname="Demo.Restassuredpractise" name="test2" time="2.402"/>
  <system-out/>
  <testcase classname="Demo.Restassuredpractise" name="Test1">
    <skipped/>
  </testcase> <!-- Test1 -->
  <system-out/>
</testsuite> <!-- Demo.Restassuredpractise -->
