<?xml version="1.0" encoding="UTF-8"?>
<!-- Generated by org.testng.reporters.JUnitReportReporter -->
<testsuite hostname="DESKTOP-03NACK4" failures="0" tests="1" name="Demo.Deleterequest" time="3.061" errors="0" timestamp="2025-08-13T18:11:14 IST" skipped="0">
  <testcase classname="Demo.Deleterequest" name="test1" time="3.061"/>
  <system-out/>
</testsuite> <!-- Demo.Deleterequest -->
