<?xml version="1.0" encoding="UTF-8"?>
<!-- Generated by org.testng.reporters.JUnitReportReporter -->
<testsuite hostname="DESKTOP-03NACK4" failures="0" tests="2" name="Demo.Getrequest" time="3.144" errors="0" timestamp="2025-08-09T19:46:17 IST" skipped="1">
  <testcase classname="Demo.Getrequest" name="Test1" time="3.144"/>
  <system-out/>
  <testcase classname="Demo.Getrequest" name="test2">
    <skipped/>
  </testcase> <!-- test2 -->
  <system-out/>
</testsuite> <!-- Demo.Getrequest -->
