<?xml version="1.0" encoding="UTF-8"?>
<!-- Generated by org.testng.reporters.JUnitReportReporter -->
<testsuite hostname="DESKTOP-03NACK4" failures="0" tests="1" name="Demo.Putrequest" time="3.849" errors="0" timestamp="2025-08-12T18:24:21 IST" skipped="0">
  <testcase classname="Demo.Putrequest" name="Test1" time="3.849"/>
  <system-out/>
</testsuite> <!-- Demo.Putrequest -->
