<?xml version="1.0" encoding="UTF-8"?>
<!-- Generated by org.testng.reporters.JUnitReportReporter -->
<testsuite hostname="DESKTOP-03NACK4" failures="0" tests="2" name="Demo.Postrequest" time="3.716" errors="0" timestamp="2025-08-09T20:30:07 IST" skipped="1">
  <testcase classname="Demo.Postrequest" name="test2" time="3.716"/>
  <system-out/>
  <testcase classname="Demo.Postrequest" name="test1">
    <skipped/>
  </testcase> <!-- test1 -->
  <system-out/>
</testsuite> <!-- Demo.Postrequest -->
