<?xml version="1.0" encoding="UTF-8"?>
<!-- Generated by org.testng.reporters.JUnitReportReporter -->
<testsuite hostname="DESKTOP-03NACK4" failures="0" tests="1" name="Demo.NewTest" time="3.279" errors="0" timestamp="2025-08-08T19:12:39 IST" skipped="0">
  <testcase classname="Demo.NewTest" name="Test1" time="3.279"/>
  <system-out/>
</testsuite> <!-- Demo.NewTest -->
