<?xml version="1.0" encoding="UTF-8"?>
<!-- Generated by org.testng.reporters.JUnitReportReporter -->
<testsuite hostname="DESKTOP-03NACK4" failures="0" tests="2" name="RESTAssured.Test1.Postdemo" time="2.620" errors="0" timestamp="2024-07-23T12:04:46 IST" skipped="1">
  <testcase classname="RESTAssured.Test1.Postdemo" name="checkpost" time="2.620"/>
  <testcase classname="RESTAssured.Test1.Postdemo" name="checkget">
    <skipped/>
  </testcase> <!-- checkget -->
</testsuite> <!-- RESTAssured.Test1.Postdemo -->
