<?xml version="1.0" encoding="UTF-8"?>
<!-- Generated by org.testng.reporters.JUnitReportReporter -->
<testsuite hostname="DESKTOP-03NACK4" failures="0" tests="2" name="RESTAssured.Test1.demo1" time="2.420" errors="0" timestamp="2024-07-20T12:29:00 IST" skipped="1">
  <testcase classname="RESTAssured.Test1.demo1" name="checkstatus1" time="2.420"/>
  <testcase classname="RESTAssured.Test1.demo1" name="checkstatus">
    <skipped/>
  </testcase> <!-- checkstatus -->
</testsuite> <!-- RESTAssured.Test1.demo1 -->
