<?xml version="1.0" encoding="UTF-8"?>
<!-- Generated by org.testng.reporters.JUnitReportReporter -->
<testsuite hostname="DESKTOP-03NACK4" failures="0" tests="1" name="Demo.NewTest" time="0.006" errors="0" timestamp="2025-08-08T18:54:34 IST" skipped="0">
  <testcase classname="Demo.NewTest" name="f" time="0.006"/>
</testsuite> <!-- Demo.NewTest -->
