<?xml version="1.0" encoding="UTF-8"?>
<!-- Generated by org.testng.reporters.JUnitReportReporter -->
<testsuite hostname="DESKTOP-03NACK4" failures="0" tests="1" name="Testsuites.Firsttest" time="0.808" errors="0" timestamp="2024-08-02T10:00:10 IST" skipped="0">
  <testcase classname="Testsuites.Firsttest" name="navigatetosite" time="0.808"/>
  <system-out/>
</testsuite> <!-- Testsuites.Firsttest -->
